2017-02-12 04:39:00,389 [INFO] JDK from "JAVA_HOME" - C:\Program Files\Java\jdk1.8.0_111
2017-02-12 04:39:00,398 [INFO] JRE from "JRE_HOME"  - not set.
2017-02-12 04:39:00,399 [WARN] WARNING! It appears you do not have JAVA_HOME and JRE_HOME environment variables set.
This is not necessarily a problem, but it may lead to errors during CodeRunner execution.
If you experience problems related to security policy permissions, the JAR utility or others,
please try setting up the JAVA_HOME environment variable by pointing it to the root directory
of your JDK location (must be version 1.8 or higher).
2017-02-12 04:39:00,793 [INFO] CodeRunner(tm) Backendless Debugging Utility
2017-02-12 04:39:00,794 [INFO] Copyright(C) 2017 Backendless Corp. All rights reserved. 
2017-02-12 04:39:00,796 [INFO] Version: 3.0.24 Build date: 2017-01-31T16:14:24Z
2017-02-12 04:39:00,804 [INFO] CodeRunner session is running for 2 hours and will be terminated on 06:39:00.801[UTC]
2017-02-12 04:39:00,933 [INFO] Registering runner on: 'https://api.backendless.com' with version 'v1'
2017-02-12 04:39:00,944 [INFO] Application ID:  '0020F1DC-E584-AD36-FF74-6D3E9E917400'
2017-02-12 04:39:00,944 [INFO] Secret key:      'FBB5E365-AA93-771A-FF18-2DA5B8FE4A00'
2017-02-12 04:39:02,247 [INFO] Runner successfully registered
2017-02-12 04:39:02,263 [INFO] Parsing event model...
2017-02-12 04:39:02,296 [WARN] Timer's 'daily' start time is in the past. The timer will run accordingly to the schedule.
2017-02-12 04:39:02,305 [ERROR] Cannot run program "jar" (in directory "..\classes"): CreateProcess error=2, The system cannot find the file specified
2017-02-12 04:39:02,486 [INFO] Debugging Utility disconnected successfully
2017-02-12 04:39:02,487 [INFO] Thank you for using Backendless
2017-02-12 04:39:51,500 [INFO] JDK from "JAVA_HOME" - C:\Program Files\Java\jdk1.8.0_111
2017-02-12 04:39:51,503 [INFO] JRE from "JRE_HOME"  - not set.
2017-02-12 04:39:51,504 [WARN] WARNING! It appears you do not have JAVA_HOME and JRE_HOME environment variables set.
This is not necessarily a problem, but it may lead to errors during CodeRunner execution.
If you experience problems related to security policy permissions, the JAR utility or others,
please try setting up the JAVA_HOME environment variable by pointing it to the root directory
of your JDK location (must be version 1.8 or higher).
2017-02-12 04:39:51,704 [INFO] CodeRunner(tm) Backendless Debugging Utility
2017-02-12 04:39:51,705 [INFO] Copyright(C) 2017 Backendless Corp. All rights reserved. 
2017-02-12 04:39:51,708 [INFO] Version: 3.0.24 Build date: 2017-01-31T16:14:24Z
2017-02-12 04:39:51,712 [INFO] CodeRunner session is running for 2 hours and will be terminated on 06:39:51.710[UTC]
2017-02-12 04:39:51,788 [INFO] Registering runner on: 'https://api.backendless.com' with version 'v1'
2017-02-12 04:39:51,789 [INFO] Application ID:  '0020F1DC-E584-AD36-FF74-6D3E9E917400'
2017-02-12 04:39:51,791 [INFO] Secret key:      'FBB5E365-AA93-771A-FF18-2DA5B8FE4A00'
2017-02-12 04:39:52,834 [INFO] Runner successfully registered
2017-02-12 04:39:52,844 [INFO] Parsing event model...
2017-02-12 04:39:52,866 [WARN] Timer's 'daily' start time is in the past. The timer will run accordingly to the schedule.
2017-02-12 04:39:52,874 [ERROR] Cannot run program "jar" (in directory "..\classes"): CreateProcess error=2, The system cannot find the file specified
2017-02-12 04:39:53,188 [INFO] Debugging Utility disconnected successfully
2017-02-12 04:39:53,189 [INFO] Thank you for using Backendless
2017-02-12 04:40:36,662 [INFO] JDK from "JAVA_HOME" - C:\Program Files\Java\jdk1.8.0_111
2017-02-12 04:40:36,663 [INFO] JRE from "JRE_HOME"  - not set.
2017-02-12 04:40:36,665 [WARN] WARNING! It appears you do not have JAVA_HOME and JRE_HOME environment variables set.
This is not necessarily a problem, but it may lead to errors during CodeRunner execution.
If you experience problems related to security policy permissions, the JAR utility or others,
please try setting up the JAVA_HOME environment variable by pointing it to the root directory
of your JDK location (must be version 1.8 or higher).
2017-02-12 04:40:36,865 [INFO] CodeRunner(tm) Backendless Debugging Utility
2017-02-12 04:40:36,865 [INFO] Copyright(C) 2017 Backendless Corp. All rights reserved. 
2017-02-12 04:40:36,868 [INFO] Version: 3.0.24 Build date: 2017-01-31T16:14:24Z
2017-02-12 04:40:36,872 [INFO] CodeRunner session is running for 2 hours and will be terminated on 06:40:36.870[UTC]
2017-02-12 04:40:36,950 [INFO] Registering runner on: 'https://api.backendless.com' with version 'v1'
2017-02-12 04:40:36,951 [INFO] Application ID:  '0020F1DC-E584-AD36-FF74-6D3E9E917400'
2017-02-12 04:40:36,953 [INFO] Secret key:      'FBB5E365-AA93-771A-FF18-2DA5B8FE4A00'
2017-02-12 04:40:37,957 [INFO] Runner successfully registered
2017-02-12 04:40:37,977 [INFO] Parsing event model...
2017-02-12 04:40:37,996 [WARN] Timer's 'daily' start time is in the past. The timer will run accordingly to the schedule.
2017-02-12 04:40:38,004 [ERROR] Cannot run program "jar" (in directory "..\classes"): CreateProcess error=2, The system cannot find the file specified
2017-02-12 04:40:38,161 [INFO] Debugging Utility disconnected successfully
2017-02-12 04:40:38,162 [INFO] Thank you for using Backendless
2017-02-12 04:41:23,954 [INFO] JDK from "JAVA_HOME" - C:\Program Files\Java\jdk1.8.0_111
2017-02-12 04:41:23,956 [INFO] JRE from "JRE_HOME"  - not set.
2017-02-12 04:41:23,957 [WARN] WARNING! It appears you do not have JAVA_HOME and JRE_HOME environment variables set.
This is not necessarily a problem, but it may lead to errors during CodeRunner execution.
If you experience problems related to security policy permissions, the JAR utility or others,
please try setting up the JAVA_HOME environment variable by pointing it to the root directory
of your JDK location (must be version 1.8 or higher).
2017-02-12 04:41:24,162 [INFO] CodeRunner(tm) Backendless Debugging Utility
2017-02-12 04:41:24,162 [INFO] Copyright(C) 2017 Backendless Corp. All rights reserved. 
2017-02-12 04:41:24,165 [INFO] Version: 3.0.24 Build date: 2017-01-31T16:14:24Z
2017-02-12 04:41:24,168 [INFO] CodeRunner session is running for 2 hours and will be terminated on 06:41:24.167[UTC]
2017-02-12 04:41:24,247 [INFO] Registering runner on: 'https://api.backendless.com' with version 'v1'
2017-02-12 04:41:24,248 [INFO] Application ID:  '0020F1DC-E584-AD36-FF74-6D3E9E917400'
2017-02-12 04:41:24,250 [INFO] Secret key:      'FBB5E365-AA93-771A-FF18-2DA5B8FE4A00'
2017-02-12 04:41:25,309 [INFO] Runner successfully registered
2017-02-12 04:41:25,319 [INFO] Parsing event model...
2017-02-12 04:41:25,339 [WARN] Timer's 'daily' start time is in the past. The timer will run accordingly to the schedule.
2017-02-12 04:41:25,347 [ERROR] Cannot run program "jar" (in directory "..\classes"): CreateProcess error=2, The system cannot find the file specified
2017-02-12 04:41:25,506 [INFO] Debugging Utility disconnected successfully
2017-02-12 04:41:25,507 [INFO] Thank you for using Backendless
2017-02-12 04:43:47,052 [INFO] JDK from "JAVA_HOME" - C:\Program Files\Java\jdk1.8.0_111
2017-02-12 04:43:47,072 [INFO] JRE from "JRE_HOME"  - C:\Program Files\Java\jre1.8.0_111
2017-02-12 04:43:47,513 [INFO] CodeRunner(tm) Backendless Debugging Utility
2017-02-12 04:43:47,513 [INFO] Copyright(C) 2017 Backendless Corp. All rights reserved. 
2017-02-12 04:43:47,513 [INFO] Version: 3.0.24 Build date: 2017-01-31T16:14:24Z
2017-02-12 04:43:47,523 [INFO] CodeRunner session is running for 2 hours and will be terminated on 06:43:47.513[UTC]
2017-02-12 04:43:47,663 [INFO] Registering runner on: 'https://api.backendless.com' with version 'v1'
2017-02-12 04:43:47,683 [INFO] Application ID:  '0020F1DC-E584-AD36-FF74-6D3E9E917400'
2017-02-12 04:43:47,683 [INFO] Secret key:      'FBB5E365-AA93-771A-FF18-2DA5B8FE4A00'
2017-02-12 04:43:48,894 [INFO] Runner successfully registered
2017-02-12 04:43:48,914 [INFO] Parsing event model...
2017-02-12 04:43:48,955 [WARN] Timer's 'daily' start time is in the past. The timer will run accordingly to the schedule.
2017-02-12 04:43:48,965 [ERROR] Cannot run program "jar" (in directory "..\classes"): CreateProcess error=2, The system cannot find the file specified
2017-02-12 04:43:49,235 [INFO] Debugging Utility disconnected successfully
2017-02-12 04:43:49,235 [INFO] Thank you for using Backendless
2017-02-12 04:46:23,348 [INFO] JDK from "JAVA_HOME" - C:\Program Files\Java\jdk1.8.0_111
2017-02-12 04:46:23,350 [INFO] JRE from "JRE_HOME"  - C:\Program Files\Java\jre1.8.0_111
2017-02-12 04:46:23,533 [INFO] CodeRunner(tm) Backendless Debugging Utility
2017-02-12 04:46:23,533 [INFO] Copyright(C) 2017 Backendless Corp. All rights reserved. 
2017-02-12 04:46:23,533 [INFO] Version: 3.0.24 Build date: 2017-01-31T16:14:24Z
2017-02-12 04:46:23,533 [INFO] CodeRunner session is running for 2 hours and will be terminated on 06:46:23.533[UTC]
2017-02-12 04:46:23,602 [INFO] Registering runner on: 'https://api.backendless.com' with version 'v1'
2017-02-12 04:46:23,602 [INFO] Application ID:  '0020F1DC-E584-AD36-FF74-6D3E9E917400'
2017-02-12 04:46:23,602 [INFO] Secret key:      'FBB5E365-AA93-771A-FF18-2DA5B8FE4A00'
2017-02-12 04:46:24,556 [INFO] Runner successfully registered
2017-02-12 04:46:24,587 [INFO] Parsing event model...
2017-02-12 04:46:24,603 [WARN] Timer's 'daily' start time is in the past. The timer will run accordingly to the schedule.
2017-02-12 04:46:24,618 [ERROR] Cannot run program "jar" (in directory "..\classes"): CreateProcess error=2, The system cannot find the file specified
2017-02-12 04:46:24,903 [INFO] Debugging Utility disconnected successfully
2017-02-12 04:46:24,903 [INFO] Thank you for using Backendless
2017-02-12 04:48:15,511 [INFO] JDK from "JAVA_HOME" - C:\Program Files\Java\jdk1.8.0_111
2017-02-12 04:48:15,527 [INFO] JRE from "JRE_HOME"  - C:\Program Files\Java\jre1.8.0_111
2017-02-12 04:48:15,711 [INFO] CodeRunner(tm) Backendless Debugging Utility
2017-02-12 04:48:15,711 [INFO] Copyright(C) 2017 Backendless Corp. All rights reserved. 
2017-02-12 04:48:15,711 [INFO] Version: 3.0.24 Build date: 2017-01-31T16:14:24Z
2017-02-12 04:48:15,711 [INFO] CodeRunner session is running for 2 hours and will be terminated on 06:48:15.711[UTC]
2017-02-12 04:48:15,792 [INFO] Registering runner on: 'https://api.backendless.com' with version 'v1'
2017-02-12 04:48:15,793 [INFO] Application ID:  '0020F1DC-E584-AD36-FF74-6D3E9E917400'
2017-02-12 04:48:15,794 [INFO] Secret key:      'FBB5E365-AA93-771A-FF18-2DA5B8FE4A00'
2017-02-12 04:48:16,712 [INFO] Runner successfully registered
2017-02-12 04:48:16,728 [INFO] Parsing event model...
2017-02-12 04:48:16,745 [WARN] Timer's 'daily' start time is in the past. The timer will run accordingly to the schedule.
2017-02-12 04:48:16,762 [ERROR] Cannot run program "jar" (in directory "..\classes"): CreateProcess error=2, The system cannot find the file specified
2017-02-12 04:48:16,928 [INFO] Debugging Utility disconnected successfully
2017-02-12 04:48:16,928 [INFO] Thank you for using Backendless
2017-02-12 04:48:41,909 [INFO] JDK from "JAVA_HOME" - C:\Program Files\Java\jdk1.8.0_111
2017-02-12 04:48:41,909 [INFO] JRE from "JRE_HOME"  - C:\Program Files\Java\jre1.8.0_111
2017-02-12 04:48:42,093 [INFO] CodeRunner(tm) Backendless Debugging Utility
2017-02-12 04:48:42,093 [INFO] Copyright(C) 2017 Backendless Corp. All rights reserved. 
2017-02-12 04:48:42,093 [INFO] Version: 3.0.24 Build date: 2017-01-31T16:14:24Z
2017-02-12 04:48:42,109 [INFO] CodeRunner session is running for 2 hours and will be terminated on 06:48:42.093[UTC]
2017-02-12 04:48:42,172 [INFO] Registering runner on: 'https://api.backendless.com' with version 'v1'
2017-02-12 04:48:42,172 [INFO] Application ID:  '0020F1DC-E584-AD36-FF74-6D3E9E917400'
2017-02-12 04:48:42,172 [INFO] Secret key:      'FBB5E365-AA93-771A-FF18-2DA5B8FE4A00'
2017-02-12 04:48:42,994 [INFO] Runner successfully registered
2017-02-12 04:48:43,009 [INFO] Parsing event model...
2017-02-12 04:48:43,025 [WARN] Timer's 'daily' start time is in the past. The timer will run accordingly to the schedule.
2017-02-12 04:48:48,129 [INFO] Build successfully: 0 handlers, 1 timer
2017-02-12 04:48:48,129 [INFO] Deploying model to server, and starting debug...
2017-02-12 04:48:48,398 [INFO] Model successfully deployed.
2017-02-12 04:48:48,398 [INFO] Waiting for events...
2017-02-12 04:48:48,398 [INFO] Publishing 0 event handlers and 1 timer and 0 services to the server… 
2017-02-12 04:49:10,063 [INFO] Successfully published all event handlers and timers. 
2017-02-12 04:49:10,063 [INFO] If you connected to coderunner for debug - please stop debugging
2017-02-12 04:49:10,063 [INFO] CodeRunner will shutdown now
2017-02-12 04:49:10,247 [INFO] Debugging Utility disconnected successfully
2017-02-12 04:49:10,247 [INFO] Thank you for using Backendless
2017-02-12 17:48:11,966 [INFO] JDK from "JAVA_HOME" - C:\Program Files\Java\jdk1.8.0_111
2017-02-12 17:48:11,966 [INFO] JRE from "JRE_HOME"  - C:\Program Files\Java\jre1.8.0_111
2017-02-12 17:48:12,320 [INFO] CodeRunner(tm) Backendless Debugging Utility
2017-02-12 17:48:12,320 [INFO] Copyright(C) 2017 Backendless Corp. All rights reserved. 
2017-02-12 17:48:12,336 [INFO] Version: 3.0.24 Build date: 2017-01-31T16:14:24Z
2017-02-12 17:48:12,336 [INFO] CodeRunner session is running for 2 hours and will be terminated on 19:48:12.336[UTC]
2017-02-12 17:48:12,467 [INFO] Registering runner on: 'https://api.backendless.com' with version 'v1'
2017-02-12 17:48:12,483 [INFO] Application ID:  '0020F1DC-E584-AD36-FF74-6D3E9E917400'
2017-02-12 17:48:12,483 [INFO] Secret key:      'FBB5E365-AA93-771A-FF18-2DA5B8FE4A00'
2017-02-12 17:48:18,325 [INFO] Runner successfully registered
2017-02-12 17:48:18,342 [INFO] Parsing event model...
2017-02-12 17:48:18,389 [WARN] Timer's 'daily' start time is in the past. The timer will run accordingly to the schedule.
2017-02-12 17:48:19,925 [INFO] Build successfully: 0 handlers, 1 timer
2017-02-12 17:48:19,928 [INFO] Deploying model to server, and starting debug...
2017-02-12 17:48:20,328 [INFO] Model successfully deployed.
2017-02-12 17:48:20,328 [INFO] Waiting for events...
2017-02-12 17:59:00,765 [INFO] JDK from "JAVA_HOME" - C:\Program Files\Java\jdk1.8.0_111
2017-02-12 17:59:00,767 [INFO] JRE from "JRE_HOME"  - C:\Program Files\Java\jre1.8.0_111
2017-02-12 17:59:00,983 [INFO] CodeRunner(tm) Backendless Debugging Utility
2017-02-12 17:59:00,984 [INFO] Copyright(C) 2017 Backendless Corp. All rights reserved. 
2017-02-12 17:59:00,985 [INFO] Version: 3.0.24 Build date: 2017-01-31T16:14:24Z
2017-02-12 17:59:00,989 [INFO] CodeRunner session is running for 2 hours and will be terminated on 19:59:00.988[UTC]
2017-02-12 17:59:01,069 [INFO] Registering runner on: 'https://api.backendless.com' with version 'v1'
2017-02-12 17:59:01,071 [INFO] Application ID:  '0020F1DC-E584-AD36-FF74-6D3E9E917400'
2017-02-12 17:59:01,071 [INFO] Secret key:      'FBB5E365-AA93-771A-FF18-2DA5B8FE4A00'
2017-02-12 17:59:05,063 [INFO] Runner successfully registered
2017-02-12 17:59:05,073 [INFO] Parsing event model...
2017-02-12 17:59:05,094 [WARN] Timer's 'daily' start time is in the past. The timer will run accordingly to the schedule.
2017-02-12 17:59:08,541 [INFO] Build successfully: 0 handlers, 1 timer
2017-02-12 17:59:08,552 [INFO] Deploying model to server, and starting debug...
2017-02-12 17:59:13,779 [INFO] Model successfully deployed.
2017-02-12 17:59:13,780 [INFO] Waiting for events...
2017-02-12 17:59:13,780 [INFO] Publishing 0 event handlers and 1 timer and 0 services to the server… 
2017-02-12 18:01:52,566 [INFO] Successfully published all event handlers and timers. 
2017-02-12 18:01:52,568 [INFO] If you connected to coderunner for debug - please stop debugging
2017-02-12 18:01:52,569 [INFO] CodeRunner will shutdown now
2017-02-12 18:01:55,956 [ERROR] Unfortunately, CodeRunner Debugging Utility cannot continue
2017-02-12 18:06:39,375 [INFO] JDK from "JAVA_HOME" - C:\Program Files\Java\jdk1.8.0_111
2017-02-12 18:06:39,377 [INFO] JRE from "JRE_HOME"  - C:\Program Files\Java\jre1.8.0_111
2017-02-12 18:06:39,620 [INFO] CodeRunner(tm) Backendless Debugging Utility
2017-02-12 18:06:39,621 [INFO] Copyright(C) 2017 Backendless Corp. All rights reserved. 
2017-02-12 18:06:39,624 [INFO] Version: 3.0.24 Build date: 2017-01-31T16:14:24Z
2017-02-12 18:06:39,628 [INFO] CodeRunner session is running for 2 hours and will be terminated on 20:06:39.626[UTC]
2017-02-12 18:06:39,724 [INFO] Registering runner on: 'https://api.backendless.com' with version 'v1'
2017-02-12 18:06:39,726 [INFO] Application ID:  '0020F1DC-E584-AD36-FF74-6D3E9E917400'
2017-02-12 18:06:39,726 [INFO] Secret key:      'FBB5E365-AA93-771A-FF18-2DA5B8FE4A00'
2017-02-12 18:06:44,957 [INFO] Runner successfully registered
2017-02-12 18:06:44,968 [INFO] Parsing event model...
2017-02-12 18:06:44,990 [WARN] Timer's 'daily' start time is in the past. The timer will run accordingly to the schedule.
2017-02-12 18:06:48,386 [INFO] Build successfully: 0 handlers, 1 timer
2017-02-12 18:06:48,390 [INFO] Deploying model to server, and starting debug...
2017-02-12 18:06:51,960 [INFO] Model successfully deployed.
2017-02-12 18:06:51,962 [INFO] Waiting for events...
